{"/home/felix/vanilla/vanilla-javascript/server/lib/path.js":{"path":"/home/felix/vanilla/vanilla-javascript/server/lib/path.js","s":{"1":1,"2":2,"3":2,"4":1},"b":{"1":[1,1]},"f":{"1":2},"fnMap":{"1":{"name":"getExtension","line":1,"loc":{"start":{"line":1,"column":0},"end":{"line":1,"column":32}}}},"statementMap":{"1":{"start":{"line":1,"column":0},"end":{"line":4,"column":1}},"2":{"start":{"line":2,"column":2},"end":{"line":2,"column":35}},"3":{"start":{"line":3,"column":2},"end":{"line":3,"column":42}},"4":{"start":{"line":6,"column":0},"end":{"line":6,"column":29}}},"branchMap":{"1":{"line":3,"type":"cond-expr","locations":[{"start":{"line":3,"column":19},"end":{"line":3,"column":21}},{"start":{"line":3,"column":24},"end":{"line":3,"column":42}}]}}},"/home/felix/vanilla/vanilla-javascript/server/lib/path.test.js":{"path":"/home/felix/vanilla/vanilla-javascript/server/lib/path.test.js","s":{"1":1,"2":1,"3":1,"4":1,"5":1,"6":1,"7":1,"8":1},"b":{},"f":{},"fnMap":{},"statementMap":{"1":{"start":{"line":1,"column":0},"end":{"line":1,"column":40}},"2":{"start":{"line":2,"column":0},"end":{"line":2,"column":38}},"3":{"start":{"line":4,"column":0},"end":{"line":17,"column":2}},"4":{"start":{"line":5,"column":2},"end":{"line":15,"column":4}},"5":{"start":{"line":7,"column":4},"end":{"line":9,"column":6}},"6":{"start":{"line":8,"column":6},"end":{"line":8,"column":50}},"7":{"start":{"line":12,"column":4},"end":{"line":14,"column":6}},"8":{"start":{"line":13,"column":6},"end":{"line":13,"column":56}}},"branchMap":{}}}