{"/home/felix/vanilla/vanilla-javascript/server/http/http.js":{"path":"/home/felix/vanilla/vanilla-javascript/server/http/http.js","s":{"1":1,"2":1,"3":1,"4":1,"5":5,"6":5,"7":1,"8":5,"9":1,"10":5,"11":5,"12":2,"13":2,"14":1,"15":1,"16":5,"17":1,"18":5,"19":5,"20":5,"21":5,"22":5,"23":5,"24":2,"25":2,"26":2,"27":3,"28":3,"29":1,"30":1,"31":1,"32":1},"b":{"1":[1,4],"2":[2,1],"3":[2,3]},"f":{"1":5,"2":5,"3":2,"4":1,"5":1},"fnMap":{"1":{"name":"getPathFromUrl","line":5,"loc":{"start":{"line":5,"column":0},"end":{"line":5,"column":29}}},"2":{"name":"getFileTypeUsingExtensionName","line":12,"loc":{"start":{"line":12,"column":0},"end":{"line":12,"column":48}}},"3":{"name":"(anonymous_3)","line":33,"loc":{"start":{"line":33,"column":39},"end":{"line":33,"column":64}}},"4":{"name":"(anonymous_4)","line":44,"loc":{"start":{"line":44,"column":17},"end":{"line":44,"column":33}}},"5":{"name":"(anonymous_5)","line":48,"loc":{"start":{"line":48,"column":16},"end":{"line":48,"column":28}}}},"statementMap":{"1":{"start":{"line":1,"column":0},"end":{"line":1,"column":28}},"2":{"start":{"line":2,"column":0},"end":{"line":2,"column":24}},"3":{"start":{"line":3,"column":0},"end":{"line":3,"column":43}},"4":{"start":{"line":5,"column":0},"end":{"line":10,"column":1}},"5":{"start":{"line":6,"column":2},"end":{"line":6,"column":33}},"6":{"start":{"line":7,"column":2},"end":{"line":8,"column":36}},"7":{"start":{"line":8,"column":4},"end":{"line":8,"column":36}},"8":{"start":{"line":9,"column":2},"end":{"line":9,"column":17}},"9":{"start":{"line":12,"column":0},"end":{"line":23,"column":1}},"10":{"start":{"line":13,"column":2},"end":{"line":13,"column":31}},"11":{"start":{"line":14,"column":2},"end":{"line":21,"column":3}},"12":{"start":{"line":16,"column":6},"end":{"line":16,"column":37}},"13":{"start":{"line":17,"column":6},"end":{"line":17,"column":12}},"14":{"start":{"line":19,"column":6},"end":{"line":19,"column":30}},"15":{"start":{"line":20,"column":6},"end":{"line":20,"column":12}},"16":{"start":{"line":22,"column":2},"end":{"line":22,"column":20}},"17":{"start":{"line":25,"column":0},"end":{"line":42,"column":2}},"18":{"start":{"line":26,"column":2},"end":{"line":26,"column":28}},"19":{"start":{"line":27,"column":2},"end":{"line":27,"column":46}},"20":{"start":{"line":28,"column":2},"end":{"line":28,"column":40}},"21":{"start":{"line":29,"column":2},"end":{"line":29,"column":60}},"22":{"start":{"line":31,"column":2},"end":{"line":41,"column":4}},"23":{"start":{"line":32,"column":4},"end":{"line":40,"column":5}},"24":{"start":{"line":33,"column":6},"end":{"line":36,"column":8}},"25":{"start":{"line":34,"column":8},"end":{"line":34,"column":64}},"26":{"start":{"line":35,"column":8},"end":{"line":35,"column":38}},"27":{"start":{"line":38,"column":6},"end":{"line":38,"column":62}},"28":{"start":{"line":39,"column":6},"end":{"line":39,"column":36}},"29":{"start":{"line":44,"column":0},"end":{"line":46,"column":1}},"30":{"start":{"line":45,"column":2},"end":{"line":45,"column":21}},"31":{"start":{"line":48,"column":0},"end":{"line":50,"column":1}},"32":{"start":{"line":49,"column":2},"end":{"line":49,"column":16}}},"branchMap":{"1":{"line":7,"type":"if","locations":[{"start":{"line":7,"column":2},"end":{"line":7,"column":2}},{"start":{"line":7,"column":2},"end":{"line":7,"column":2}}]},"2":{"line":14,"type":"switch","locations":[{"start":{"line":15,"column":4},"end":{"line":17,"column":12}},{"start":{"line":18,"column":4},"end":{"line":20,"column":12}}]},"3":{"line":32,"type":"if","locations":[{"start":{"line":32,"column":4},"end":{"line":32,"column":4}},{"start":{"line":32,"column":4},"end":{"line":32,"column":4}}]}}},"/home/felix/vanilla/vanilla-javascript/server/lib/path.js":{"path":"/home/felix/vanilla/vanilla-javascript/server/lib/path.js","s":{"1":1,"2":7,"3":7,"4":1},"b":{"1":[1,6]},"f":{"1":7},"fnMap":{"1":{"name":"getExtension","line":1,"loc":{"start":{"line":1,"column":0},"end":{"line":1,"column":32}}}},"statementMap":{"1":{"start":{"line":1,"column":0},"end":{"line":4,"column":1}},"2":{"start":{"line":2,"column":2},"end":{"line":2,"column":35}},"3":{"start":{"line":3,"column":2},"end":{"line":3,"column":42}},"4":{"start":{"line":6,"column":0},"end":{"line":6,"column":29}}},"branchMap":{"1":{"line":3,"type":"cond-expr","locations":[{"start":{"line":3,"column":19},"end":{"line":3,"column":21}},{"start":{"line":3,"column":24},"end":{"line":3,"column":42}}]}}},"/home/felix/vanilla/vanilla-javascript/server/http/http.test.js":{"path":"/home/felix/vanilla/vanilla-javascript/server/http/http.test.js","s":{"1":1,"2":1,"3":1,"4":1,"5":1,"6":1,"7":1,"8":1,"9":1,"10":1,"11":1,"12":1,"13":1,"14":1,"15":1,"16":1,"17":1,"18":1,"19":1,"20":1,"21":1,"22":1,"23":1,"24":1,"25":1,"26":1,"27":1,"28":1,"29":1,"30":1},"b":{},"f":{"1":1},"fnMap":{"1":{"name":"(anonymous_1)","line":10,"loc":{"start":{"line":10,"column":30},"end":{"line":10,"column":42}}}},"statementMap":{"1":{"start":{"line":1,"column":0},"end":{"line":1,"column":32}},"2":{"start":{"line":2,"column":0},"end":{"line":2,"column":29}},"3":{"start":{"line":3,"column":0},"end":{"line":3,"column":37}},"4":{"start":{"line":5,"column":0},"end":{"line":52,"column":3}},"5":{"start":{"line":6,"column":2},"end":{"line":8,"column":4}},"6":{"start":{"line":7,"column":4},"end":{"line":7,"column":23}},"7":{"start":{"line":10,"column":2},"end":{"line":47,"column":4}},"8":{"start":{"line":12,"column":4},"end":{"line":18,"column":6}},"9":{"start":{"line":13,"column":6},"end":{"line":17,"column":8}},"10":{"start":{"line":14,"column":8},"end":{"line":14,"column":36}},"11":{"start":{"line":15,"column":8},"end":{"line":15,"column":44}},"12":{"start":{"line":16,"column":8},"end":{"line":16,"column":14}},"13":{"start":{"line":20,"column":4},"end":{"line":25,"column":6}},"14":{"start":{"line":21,"column":6},"end":{"line":24,"column":8}},"15":{"start":{"line":22,"column":8},"end":{"line":22,"column":44}},"16":{"start":{"line":23,"column":8},"end":{"line":23,"column":14}},"17":{"start":{"line":27,"column":4},"end":{"line":32,"column":6}},"18":{"start":{"line":28,"column":6},"end":{"line":31,"column":8}},"19":{"start":{"line":29,"column":8},"end":{"line":29,"column":44}},"20":{"start":{"line":30,"column":8},"end":{"line":30,"column":14}},"21":{"start":{"line":34,"column":4},"end":{"line":39,"column":6}},"22":{"start":{"line":35,"column":6},"end":{"line":38,"column":8}},"23":{"start":{"line":36,"column":8},"end":{"line":36,"column":44}},"24":{"start":{"line":37,"column":8},"end":{"line":37,"column":14}},"25":{"start":{"line":41,"column":4},"end":{"line":46,"column":6}},"26":{"start":{"line":42,"column":6},"end":{"line":45,"column":8}},"27":{"start":{"line":43,"column":8},"end":{"line":43,"column":44}},"28":{"start":{"line":44,"column":8},"end":{"line":44,"column":14}},"29":{"start":{"line":49,"column":2},"end":{"line":51,"column":5}},"30":{"start":{"line":50,"column":4},"end":{"line":50,"column":18}}},"branchMap":{}},"/home/felix/vanilla/vanilla-javascript/server/lib/path.test.js":{"path":"/home/felix/vanilla/vanilla-javascript/server/lib/path.test.js","s":{"1":1,"2":1,"3":1,"4":1,"5":1,"6":1,"7":1,"8":1},"b":{},"f":{},"fnMap":{},"statementMap":{"1":{"start":{"line":1,"column":0},"end":{"line":1,"column":40}},"2":{"start":{"line":2,"column":0},"end":{"line":2,"column":38}},"3":{"start":{"line":4,"column":0},"end":{"line":17,"column":2}},"4":{"start":{"line":5,"column":2},"end":{"line":15,"column":4}},"5":{"start":{"line":7,"column":4},"end":{"line":9,"column":6}},"6":{"start":{"line":8,"column":6},"end":{"line":8,"column":50}},"7":{"start":{"line":12,"column":4},"end":{"line":14,"column":6}},"8":{"start":{"line":13,"column":6},"end":{"line":13,"column":56}}},"branchMap":{}}}