TN:
SF:/home/felix/vanilla/vanilla-javascript/server/http/http.js
FN:5,getPathFromUrl
FN:12,getFileTypeUsingExtensionName
FN:33,(anonymous_3)
FN:44,(anonymous_4)
FN:48,(anonymous_5)
FNF:5
FNH:5
FNDA:5,getPathFromUrl
FNDA:5,getFileTypeUsingExtensionName
FNDA:2,(anonymous_3)
FNDA:1,(anonymous_4)
FNDA:1,(anonymous_5)
DA:1,1
DA:2,1
DA:3,1
DA:5,1
DA:6,5
DA:7,5
DA:8,1
DA:9,5
DA:12,1
DA:13,5
DA:14,5
DA:16,2
DA:17,2
DA:19,1
DA:20,1
DA:22,5
DA:25,1
DA:26,5
DA:27,5
DA:28,5
DA:29,5
DA:31,5
DA:32,5
DA:33,2
DA:34,2
DA:35,2
DA:38,3
DA:39,3
DA:44,1
DA:45,1
DA:48,1
DA:49,1
LF:32
LH:32
BRDA:7,1,0,1
BRDA:7,1,1,4
BRDA:14,2,0,2
BRDA:14,2,1,1
BRDA:32,3,0,2
BRDA:32,3,1,3
BRF:6
BRH:6
end_of_record
TN:
SF:/home/felix/vanilla/vanilla-javascript/server/lib/path.js
FN:1,getExtension
FNF:1
FNH:1
FNDA:7,getExtension
DA:1,1
DA:2,7
DA:3,7
DA:6,1
LF:4
LH:4
BRDA:3,1,0,1
BRDA:3,1,1,6
BRF:2
BRH:2
end_of_record
TN:
SF:/home/felix/vanilla/vanilla-javascript/server/http/http.test.js
FN:10,(anonymous_1)
FNF:1
FNH:1
FNDA:1,(anonymous_1)
DA:1,1
DA:2,1
DA:3,1
DA:5,1
DA:6,1
DA:7,1
DA:10,1
DA:12,1
DA:13,1
DA:14,1
DA:15,1
DA:16,1
DA:20,1
DA:21,1
DA:22,1
DA:23,1
DA:27,1
DA:28,1
DA:29,1
DA:30,1
DA:34,1
DA:35,1
DA:36,1
DA:37,1
DA:41,1
DA:42,1
DA:43,1
DA:44,1
DA:49,1
DA:50,1
LF:30
LH:30
BRF:0
BRH:0
end_of_record
TN:
SF:/home/felix/vanilla/vanilla-javascript/server/lib/path.test.js
FNF:0
FNH:0
DA:1,1
DA:2,1
DA:4,1
DA:5,1
DA:7,1
DA:8,1
DA:12,1
DA:13,1
LF:8
LH:8
BRF:0
BRH:0
end_of_record
